\BOOKMARK [0][-]{chapter.1}{\376\377\0001\000\040\000C\000l\000a\000s\000s\000\040\000D\000o\000c\000u\000m\000e\000n\000t\000a\000t\000i\000o\000n}{}% 1
\BOOKMARK [1][-]{section.1.1}{\376\377\0001\000.\0001\000\040\000B\000a\000s\000i\000c\000s\000.\000P\000o\000s\000i\000t\000i\000o\000n\000\040\000C\000l\000a\000s\000s\000\040\000R\000e\000f\000e\000r\000e\000n\000c\000e}{chapter.1}% 2
\BOOKMARK [2][-]{subsection.1.1.1}{\376\377\0001\000.\0001\000.\0001\000\040\000D\000e\000t\000a\000i\000l\000e\000d\000\040\000D\000e\000s\000c\000r\000i\000p\000t\000i\000o\000n}{section.1.1}% 3
\BOOKMARK [2][-]{subsection.1.1.2}{\376\377\0001\000.\0001\000.\0002\000\040\000C\000o\000n\000s\000t\000r\000u\000c\000t\000o\000r\000\040\000\046\000\040\000D\000e\000s\000t\000r\000u\000c\000t\000o\000r\000\040\000D\000o\000c\000u\000m\000e\000n\000t\000a\000t\000i\000o\000n}{section.1.1}% 4
\BOOKMARK [3][-]{subsubsection.1.1.2.1}{\376\377\0001\000.\0001\000.\0002\000.\0001\000\040\000P\000o\000s\000i\000t\000i\000o\000n\000\050\000\051\000\040\000[\0001\000/\0004\000]}{subsection.1.1.2}% 5
\BOOKMARK [3][-]{subsubsection.1.1.2.2}{\376\377\0001\000.\0001\000.\0002\000.\0002\000\040\000P\000o\000s\000i\000t\000i\000o\000n\000\050\000\051\000\040\000[\0002\000/\0004\000]}{subsection.1.1.2}% 6
\BOOKMARK [3][-]{subsubsection.1.1.2.3}{\376\377\0001\000.\0001\000.\0002\000.\0003\000\040\000P\000o\000s\000i\000t\000i\000o\000n\000\050\000\051\000\040\000[\0003\000/\0004\000]}{subsection.1.1.2}% 7
\BOOKMARK [3][-]{subsubsection.1.1.2.4}{\376\377\0001\000.\0001\000.\0002\000.\0004\000\040\000P\000o\000s\000i\000t\000i\000o\000n\000\050\000\051\000\040\000[\0004\000/\0004\000]}{subsection.1.1.2}% 8
\BOOKMARK [2][-]{subsection.1.1.3}{\376\377\0001\000.\0001\000.\0003\000\040\000M\000e\000m\000b\000e\000r\000\040\000F\000u\000n\000c\000t\000i\000o\000n\000\040\000D\000o\000c\000u\000m\000e\000n\000t\000a\000t\000i\000o\000n}{section.1.1}% 9
\BOOKMARK [3][-]{subsubsection.1.1.3.1}{\376\377\0001\000.\0001\000.\0003\000.\0001\000\040\000s\000u\000b\000t\000r\000a\000c\000t\000\050\000\051}{subsection.1.1.3}% 10
\BOOKMARK [3][-]{subsubsection.1.1.3.2}{\376\377\0001\000.\0001\000.\0003\000.\0002\000\040\000s\000u\000m\000\050\000\051}{subsection.1.1.3}% 11
\BOOKMARK [3][-]{subsubsection.1.1.3.3}{\376\377\0001\000.\0001\000.\0003\000.\0003\000\040\000m\000u\000l\000\050\000\051}{subsection.1.1.3}% 12
\BOOKMARK [3][-]{subsubsection.1.1.3.4}{\376\377\0001\000.\0001\000.\0003\000.\0004\000\040\000g\000e\000t\000X\000\050\000\051}{subsection.1.1.3}% 13
\BOOKMARK [3][-]{subsubsection.1.1.3.5}{\376\377\0001\000.\0001\000.\0003\000.\0005\000\040\000g\000e\000t\000Y\000\050\000\051}{subsection.1.1.3}% 14
\BOOKMARK [3][-]{subsubsection.1.1.3.6}{\376\377\0001\000.\0001\000.\0003\000.\0006\000\040\000s\000e\000t\000X\000\050\000\051}{subsection.1.1.3}% 15
\BOOKMARK [3][-]{subsubsection.1.1.3.7}{\376\377\0001\000.\0001\000.\0003\000.\0007\000\040\000s\000e\000t\000Y\000\050\000\051}{subsection.1.1.3}% 16
\BOOKMARK [3][-]{subsubsection.1.1.3.8}{\376\377\0001\000.\0001\000.\0003\000.\0008\000\040\000s\000e\000t\000P\000o\000s\000\050\000\051}{subsection.1.1.3}% 17
\BOOKMARK [3][-]{subsubsection.1.1.3.9}{\376\377\0001\000.\0001\000.\0003\000.\0009\000\040\000m\000u\000l\000t\000\050\000\051}{subsection.1.1.3}% 18
\BOOKMARK [3][-]{subsubsection.1.1.3.10}{\376\377\0001\000.\0001\000.\0003\000.\0001\0000\000\040\000d\000i\000v\000\050\000\051}{subsection.1.1.3}% 19
\BOOKMARK [3][-]{subsubsection.1.1.3.11}{\376\377\0001\000.\0001\000.\0003\000.\0001\0001\000\040\000i\000n\000R\000a\000n\000g\000e\000\050\000\051}{subsection.1.1.3}% 20
\BOOKMARK [3][-]{subsubsection.1.1.3.12}{\376\377\0001\000.\0001\000.\0003\000.\0001\0002\000\040\000i\000s\000E\000q\000u\000a\000l\000\050\000\051}{subsection.1.1.3}% 21
\BOOKMARK [3][-]{subsubsection.1.1.3.13}{\376\377\0001\000.\0001\000.\0003\000.\0001\0003\000\040\000t\000o\000S\000t\000r\000i\000n\000g\000\050\000\051}{subsection.1.1.3}% 22
\BOOKMARK [1][-]{section.1.2}{\376\377\0001\000.\0002\000\040\000B\000a\000s\000i\000c\000s\000.\000S\000o\000r\000t\000B\000y\000X\000\040\000C\000l\000a\000s\000s\000\040\000R\000e\000f\000e\000r\000e\000n\000c\000e}{chapter.1}% 23
\BOOKMARK [2][-]{subsection.1.2.1}{\376\377\0001\000.\0002\000.\0001\000\040\000D\000e\000t\000a\000i\000l\000e\000d\000\040\000D\000e\000s\000c\000r\000i\000p\000t\000i\000o\000n}{section.1.2}% 24
\BOOKMARK [1][-]{section.1.3}{\376\377\0001\000.\0003\000\040\000M\000o\000d\000e\000l\000.\000C\000i\000t\000y\000P\000a\000r\000a\000m\000e\000t\000e\000r\000s\000\040\000C\000l\000a\000s\000s\000\040\000R\000e\000f\000e\000r\000e\000n\000c\000e}{chapter.1}% 25
\BOOKMARK [2][-]{subsection.1.3.1}{\376\377\0001\000.\0003\000.\0001\000\040\000D\000e\000t\000a\000i\000l\000e\000d\000\040\000D\000e\000s\000c\000r\000i\000p\000t\000i\000o\000n}{section.1.3}% 26
\BOOKMARK [1][-]{section.1.4}{\376\377\0001\000.\0004\000\040\000M\000o\000d\000e\000l\000.\000f\000i\000t\000n\000e\000s\000s\000.\000M\000o\000n\000e\000y\000F\000u\000n\000c\000t\000i\000o\000n\000\040\000C\000l\000a\000s\000s\000\040\000R\000e\000f\000e\000r\000e\000n\000c\000e}{chapter.1}% 27
\BOOKMARK [2][-]{subsection.1.4.1}{\376\377\0001\000.\0004\000.\0001\000\040\000D\000e\000t\000a\000i\000l\000e\000d\000\040\000D\000e\000s\000c\000r\000i\000p\000t\000i\000o\000n}{section.1.4}% 28
\BOOKMARK [1][-]{section.1.5}{\376\377\0001\000.\0005\000\040\000M\000o\000d\000e\000l\000.\000f\000i\000t\000n\000e\000s\000s\000.\000P\000o\000n\000d\000e\000r\000a\000t\000e\000d\000F\000u\000n\000c\000t\000i\000o\000n\000\040\000C\000l\000a\000s\000s\000\040\000R\000e\000f\000e\000r\000e\000n\000c\000e}{chapter.1}% 29
\BOOKMARK [2][-]{subsection.1.5.1}{\376\377\0001\000.\0005\000.\0001\000\040\000D\000e\000t\000a\000i\000l\000e\000d\000\040\000D\000e\000s\000c\000r\000i\000p\000t\000i\000o\000n}{section.1.5}% 30
\BOOKMARK [1][-]{section.1.6}{\376\377\0001\000.\0006\000\040\000M\000o\000d\000e\000l\000.\000f\000i\000t\000n\000e\000s\000s\000.\000V\000a\000l\000u\000e\000F\000u\000n\000c\000t\000i\000o\000n\000\040\000C\000l\000a\000s\000s\000\040\000R\000e\000f\000e\000r\000e\000n\000c\000e}{chapter.1}% 31
\BOOKMARK [2][-]{subsection.1.6.1}{\376\377\0001\000.\0006\000.\0001\000\040\000D\000e\000t\000a\000i\000l\000e\000d\000\040\000D\000e\000s\000c\000r\000i\000p\000t\000i\000o\000n}{section.1.6}% 32
\BOOKMARK [1][-]{section.1.7}{\376\377\0001\000.\0007\000\040\000M\000o\000d\000e\000l\000.\000I\000n\000d\000i\000v\000i\000d\000u\000a\000l\000s\000.\000C\000i\000t\000y\000T\000i\000l\000e\000s\000e\000t\000\040\000C\000l\000a\000s\000s\000\040\000R\000e\000f\000e\000r\000e\000n\000c\000e}{chapter.1}% 33
\BOOKMARK [2][-]{subsection.1.7.1}{\376\377\0001\000.\0007\000.\0001\000\040\000D\000e\000t\000a\000i\000l\000e\000d\000\040\000D\000e\000s\000c\000r\000i\000p\000t\000i\000o\000n}{section.1.7}% 34
\BOOKMARK [2][-]{subsection.1.7.2}{\376\377\0001\000.\0007\000.\0002\000\040\000M\000e\000m\000b\000e\000r\000\040\000F\000u\000n\000c\000t\000i\000o\000n\000\040\000D\000o\000c\000u\000m\000e\000n\000t\000a\000t\000i\000o\000n}{section.1.7}% 35
\BOOKMARK [3][-]{subsubsection.1.7.2.1}{\376\377\0001\000.\0007\000.\0002\000.\0001\000\040\000t\000o\000S\000t\000r\000i\000n\000g\000\050\000\051}{subsection.1.7.2}% 36
\BOOKMARK [1][-]{section.1.8}{\376\377\0001\000.\0008\000\040\000M\000o\000d\000e\000l\000.\000I\000n\000d\000i\000v\000i\000d\000u\000a\000l\000s\000.\000C\000i\000t\000y\000T\000i\000l\000e\000s\000e\000t\000P\000o\000p\000u\000l\000a\000t\000i\000o\000n\000\040\000C\000l\000a\000s\000s\000\040\000R\000e\000f\000e\000r\000e\000n\000c\000e}{chapter.1}% 37
\BOOKMARK [2][-]{subsection.1.8.1}{\376\377\0001\000.\0008\000.\0001\000\040\000D\000e\000t\000a\000i\000l\000e\000d\000\040\000D\000e\000s\000c\000r\000i\000p\000t\000i\000o\000n}{section.1.8}% 38
\BOOKMARK [1][-]{section.1.9}{\376\377\0001\000.\0009\000\040\000M\000o\000d\000e\000l\000.\000I\000n\000d\000i\000v\000i\000d\000u\000a\000l\000s\000.\000F\000i\000x\000e\000d\000S\000i\000z\000e\000P\000o\000p\000u\000l\000a\000t\000i\000o\000n\000<\000\040\000T\000\040\000e\000x\000t\000e\000n\000d\000s\000\040\000I\000n\000d\000i\000v\000i\000d\000u\000a\000l\000\040\000>\000\040\000C\000l\000a\000s\000s\000\040\000T\000e\000m\000p\000l\000a\000t\000e\000\040\000R\000e\000f\000e\000r\000e\000n\000c\000e}{chapter.1}% 39
\BOOKMARK [1][-]{section.1.10}{\376\377\0001\000.\0001\0000\000\040\000M\000o\000d\000e\000l\000.\000I\000n\000d\000i\000v\000i\000d\000u\000a\000l\000s\000.\000I\000n\000d\000i\000v\000i\000d\000u\000a\000l\000\040\000C\000l\000a\000s\000s\000\040\000R\000e\000f\000e\000r\000e\000n\000c\000e}{chapter.1}% 40
\BOOKMARK [1][-]{section.1.11}{\376\377\0001\000.\0001\0001\000\040\000M\000o\000d\000e\000l\000.\000I\000n\000d\000i\000v\000i\000d\000u\000a\000l\000s\000.\000N\000e\000i\000g\000h\000b\000o\000r\000h\000o\000o\000d\000\040\000C\000l\000a\000s\000s\000\040\000R\000e\000f\000e\000r\000e\000n\000c\000e}{chapter.1}% 41
\BOOKMARK [2][-]{subsection.1.11.1}{\376\377\0001\000.\0001\0001\000.\0001\000\040\000D\000e\000t\000a\000i\000l\000e\000d\000\040\000D\000e\000s\000c\000r\000i\000p\000t\000i\000o\000n}{section.1.11}% 42
\BOOKMARK [1][-]{section.1.12}{\376\377\0001\000.\0001\0002\000\040\000M\000o\000d\000e\000l\000.\000I\000n\000d\000i\000v\000i\000d\000u\000a\000l\000s\000.\000P\000o\000p\000u\000l\000a\000t\000i\000o\000n\000<\000\040\000T\000\040\000e\000x\000t\000e\000n\000d\000s\000\040\000I\000n\000d\000i\000v\000i\000d\000u\000a\000l\000\040\000>\000\040\000C\000l\000a\000s\000s\000\040\000T\000e\000m\000p\000l\000a\000t\000e\000\040\000R\000e\000f\000e\000r\000e\000n\000c\000e}{chapter.1}% 43
\BOOKMARK [1][-]{section.1.13}{\376\377\0001\000.\0001\0003\000\040\000M\000o\000d\000e\000l\000.\000I\000n\000d\000i\000v\000i\000d\000u\000a\000l\000s\000.\000S\000o\000r\000t\000B\000y\000f\000i\000t\000n\000e\000s\000s\000\040\000C\000l\000a\000s\000s\000\040\000R\000e\000f\000e\000r\000e\000n\000c\000e}{chapter.1}% 44
\BOOKMARK [2][-]{subsection.1.13.1}{\376\377\0001\000.\0001\0003\000.\0001\000\040\000D\000e\000t\000a\000i\000l\000e\000d\000\040\000D\000e\000s\000c\000r\000i\000p\000t\000i\000o\000n}{section.1.13}% 45
\BOOKMARK [1][-]{section.1.14}{\376\377\0001\000.\0001\0004\000\040\000M\000o\000d\000e\000l\000.\000I\000n\000d\000i\000v\000i\000d\000u\000a\000l\000s\000.\000T\000i\000l\000e\000s\000.\000B\000u\000i\000l\000d\000i\000n\000g\000T\000i\000l\000e\000\040\000C\000l\000a\000s\000s\000\040\000R\000e\000f\000e\000r\000e\000n\000c\000e}{chapter.1}% 46
\BOOKMARK [2][-]{subsection.1.14.1}{\376\377\0001\000.\0001\0004\000.\0001\000\040\000D\000e\000t\000a\000i\000l\000e\000d\000\040\000D\000e\000s\000c\000r\000i\000p\000t\000i\000o\000n}{section.1.14}% 47
\BOOKMARK [2][-]{subsection.1.14.2}{\376\377\0001\000.\0001\0004\000.\0002\000\040\000M\000e\000m\000b\000e\000r\000\040\000F\000u\000n\000c\000t\000i\000o\000n\000\040\000D\000o\000c\000u\000m\000e\000n\000t\000a\000t\000i\000o\000n}{section.1.14}% 48
\BOOKMARK [3][-]{subsubsection.1.14.2.1}{\376\377\0001\000.\0001\0004\000.\0002\000.\0001\000\040\000m\000a\000k\000e\000C\000o\000p\000y\000\050\000\051}{subsection.1.14.2}% 49
\BOOKMARK [3][-]{subsubsection.1.14.2.2}{\376\377\0001\000.\0001\0004\000.\0002\000.\0002\000\040\000g\000e\000t\000V\000a\000l\000u\000e\000\050\000\051}{subsection.1.14.2}% 50
\BOOKMARK [3][-]{subsubsection.1.14.2.3}{\376\377\0001\000.\0001\0004\000.\0002\000.\0003\000\040\000t\000o\000S\000t\000r\000i\000n\000g\000\050\000\051}{subsection.1.14.2}% 51
\BOOKMARK [1][-]{section.1.15}{\376\377\0001\000.\0001\0005\000\040\000M\000o\000d\000e\000l\000.\000I\000n\000d\000i\000v\000i\000d\000u\000a\000l\000s\000.\000T\000i\000l\000e\000s\000.\000N\000u\000l\000l\000T\000i\000l\000e\000\040\000C\000l\000a\000s\000s\000\040\000R\000e\000f\000e\000r\000e\000n\000c\000e}{chapter.1}% 52
\BOOKMARK [2][-]{subsection.1.15.1}{\376\377\0001\000.\0001\0005\000.\0001\000\040\000D\000e\000t\000a\000i\000l\000e\000d\000\040\000D\000e\000s\000c\000r\000i\000p\000t\000i\000o\000n}{section.1.15}% 53
\BOOKMARK [2][-]{subsection.1.15.2}{\376\377\0001\000.\0001\0005\000.\0002\000\040\000M\000e\000m\000b\000e\000r\000\040\000F\000u\000n\000c\000t\000i\000o\000n\000\040\000D\000o\000c\000u\000m\000e\000n\000t\000a\000t\000i\000o\000n}{section.1.15}% 54
\BOOKMARK [3][-]{subsubsection.1.15.2.1}{\376\377\0001\000.\0001\0005\000.\0002\000.\0001\000\040\000m\000a\000k\000e\000C\000o\000p\000y\000\050\000\051}{subsection.1.15.2}% 55
\BOOKMARK [3][-]{subsubsection.1.15.2.2}{\376\377\0001\000.\0001\0005\000.\0002\000.\0002\000\040\000g\000e\000t\000V\000a\000l\000u\000e\000\050\000\051}{subsection.1.15.2}% 56
\BOOKMARK [3][-]{subsubsection.1.15.2.3}{\376\377\0001\000.\0001\0005\000.\0002\000.\0003\000\040\000t\000o\000S\000t\000r\000i\000n\000g\000\050\000\051}{subsection.1.15.2}% 57
\BOOKMARK [1][-]{section.1.16}{\376\377\0001\000.\0001\0006\000\040\000M\000o\000d\000e\000l\000.\000I\000n\000d\000i\000v\000i\000d\000u\000a\000l\000s\000.\000T\000i\000l\000e\000s\000.\000P\000a\000r\000k\000T\000i\000l\000e\000\040\000C\000l\000a\000s\000s\000\040\000R\000e\000f\000e\000r\000e\000n\000c\000e}{chapter.1}% 58
\BOOKMARK [2][-]{subsection.1.16.1}{\376\377\0001\000.\0001\0006\000.\0001\000\040\000D\000e\000t\000a\000i\000l\000e\000d\000\040\000D\000e\000s\000c\000r\000i\000p\000t\000i\000o\000n}{section.1.16}% 59
\BOOKMARK [2][-]{subsection.1.16.2}{\376\377\0001\000.\0001\0006\000.\0002\000\040\000M\000e\000m\000b\000e\000r\000\040\000F\000u\000n\000c\000t\000i\000o\000n\000\040\000D\000o\000c\000u\000m\000e\000n\000t\000a\000t\000i\000o\000n}{section.1.16}% 60
\BOOKMARK [3][-]{subsubsection.1.16.2.1}{\376\377\0001\000.\0001\0006\000.\0002\000.\0001\000\040\000m\000a\000k\000e\000C\000o\000p\000y\000\050\000\051}{subsection.1.16.2}% 61
\BOOKMARK [3][-]{subsubsection.1.16.2.2}{\376\377\0001\000.\0001\0006\000.\0002\000.\0002\000\040\000g\000e\000t\000V\000a\000l\000u\000e\000\050\000\051}{subsection.1.16.2}% 62
\BOOKMARK [3][-]{subsubsection.1.16.2.3}{\376\377\0001\000.\0001\0006\000.\0002\000.\0003\000\040\000t\000o\000S\000t\000r\000i\000n\000g\000\050\000\051}{subsection.1.16.2}% 63
\BOOKMARK [1][-]{section.1.17}{\376\377\0001\000.\0001\0007\000\040\000M\000o\000d\000e\000l\000.\000I\000n\000d\000i\000v\000i\000d\000u\000a\000l\000s\000.\000T\000i\000l\000e\000s\000.\000R\000o\000a\000d\000T\000i\000l\000e\000\040\000C\000l\000a\000s\000s\000\040\000R\000e\000f\000e\000r\000e\000n\000c\000e}{chapter.1}% 64
\BOOKMARK [2][-]{subsection.1.17.1}{\376\377\0001\000.\0001\0007\000.\0001\000\040\000D\000e\000t\000a\000i\000l\000e\000d\000\040\000D\000e\000s\000c\000r\000i\000p\000t\000i\000o\000n}{section.1.17}% 65
\BOOKMARK [2][-]{subsection.1.17.2}{\376\377\0001\000.\0001\0007\000.\0002\000\040\000M\000e\000m\000b\000e\000r\000\040\000F\000u\000n\000c\000t\000i\000o\000n\000\040\000D\000o\000c\000u\000m\000e\000n\000t\000a\000t\000i\000o\000n}{section.1.17}% 66
\BOOKMARK [3][-]{subsubsection.1.17.2.1}{\376\377\0001\000.\0001\0007\000.\0002\000.\0001\000\040\000m\000a\000k\000e\000C\000o\000p\000y\000\050\000\051}{subsection.1.17.2}% 67
\BOOKMARK [3][-]{subsubsection.1.17.2.2}{\376\377\0001\000.\0001\0007\000.\0002\000.\0002\000\040\000g\000e\000t\000V\000a\000l\000u\000e\000\050\000\051}{subsection.1.17.2}% 68
\BOOKMARK [3][-]{subsubsection.1.17.2.3}{\376\377\0001\000.\0001\0007\000.\0002\000.\0003\000\040\000t\000o\000S\000t\000r\000i\000n\000g\000\050\000\051}{subsection.1.17.2}% 69
\BOOKMARK [1][-]{section.1.18}{\376\377\0001\000.\0001\0008\000\040\000M\000o\000d\000e\000l\000.\000I\000n\000d\000i\000v\000i\000d\000u\000a\000l\000s\000.\000T\000i\000l\000e\000s\000.\000T\000i\000l\000e\000\040\000C\000l\000a\000s\000s\000\040\000R\000e\000f\000e\000r\000e\000n\000c\000e}{chapter.1}% 70
\BOOKMARK [2][-]{subsection.1.18.1}{\376\377\0001\000.\0001\0008\000.\0001\000\040\000D\000e\000t\000a\000i\000l\000e\000d\000\040\000D\000e\000s\000c\000r\000i\000p\000t\000i\000o\000n}{section.1.18}% 71
\BOOKMARK [1][-]{section.1.19}{\376\377\0001\000.\0001\0009\000\040\000M\000o\000d\000e\000l\000.\000I\000n\000d\000i\000v\000i\000d\000u\000a\000l\000s\000.\000T\000i\000l\000e\000s\000.\000T\000i\000l\000e\000T\000y\000p\000e\000\040\000E\000n\000u\000m\000\040\000R\000e\000f\000e\000r\000e\000n\000c\000e}{chapter.1}% 72
\BOOKMARK [2][-]{subsection.1.19.1}{\376\377\0001\000.\0001\0009\000.\0001\000\040\000D\000e\000t\000a\000i\000l\000e\000d\000\040\000D\000e\000s\000c\000r\000i\000p\000t\000i\000o\000n}{section.1.19}% 73
\BOOKMARK [1][-]{section.1.20}{\376\377\0001\000.\0002\0000\000\040\000M\000o\000d\000e\000l\000.\000I\000n\000d\000i\000v\000i\000d\000u\000a\000l\000s\000.\000T\000i\000l\000e\000s\000.\000V\000o\000i\000d\000T\000i\000l\000e\000\040\000C\000l\000a\000s\000s\000\040\000R\000e\000f\000e\000r\000e\000n\000c\000e}{chapter.1}% 74
\BOOKMARK [2][-]{subsection.1.20.1}{\376\377\0001\000.\0002\0000\000.\0001\000\040\000D\000e\000t\000a\000i\000l\000e\000d\000\040\000D\000e\000s\000c\000r\000i\000p\000t\000i\000o\000n}{section.1.20}% 75
\BOOKMARK [2][-]{subsection.1.20.2}{\376\377\0001\000.\0002\0000\000.\0002\000\040\000M\000e\000m\000b\000e\000r\000\040\000F\000u\000n\000c\000t\000i\000o\000n\000\040\000D\000o\000c\000u\000m\000e\000n\000t\000a\000t\000i\000o\000n}{section.1.20}% 76
\BOOKMARK [3][-]{subsubsection.1.20.2.1}{\376\377\0001\000.\0002\0000\000.\0002\000.\0001\000\040\000m\000a\000k\000e\000C\000o\000p\000y\000\050\000\051}{subsection.1.20.2}% 77
\BOOKMARK [3][-]{subsubsection.1.20.2.2}{\376\377\0001\000.\0002\0000\000.\0002\000.\0002\000\040\000g\000e\000t\000V\000a\000l\000u\000e\000\050\000\051}{subsection.1.20.2}% 78
\BOOKMARK [3][-]{subsubsection.1.20.2.3}{\376\377\0001\000.\0002\0000\000.\0002\000.\0003\000\040\000t\000o\000S\000t\000r\000i\000n\000g\000\050\000\051}{subsection.1.20.2}% 79
\BOOKMARK [1][-]{section.1.21}{\376\377\0001\000.\0002\0001\000\040\000M\000o\000d\000e\000l\000.\000I\000n\000i\000c\000i\000a\000l\000i\000z\000e\000r\000.\000C\000l\000o\000s\000e\000T\000o\000B\000u\000i\000l\000d\000i\000n\000g\000s\000P\000a\000r\000k\000I\000n\000i\000c\000i\000a\000l\000i\000z\000e\000r\000\040\000C\000l\000a\000s\000s\000\040\000R\000e\000f\000e\000r\000e\000n\000c\000e}{chapter.1}% 80
\BOOKMARK [2][-]{subsection.1.21.1}{\376\377\0001\000.\0002\0001\000.\0001\000\040\000D\000e\000t\000a\000i\000l\000e\000d\000\040\000D\000e\000s\000c\000r\000i\000p\000t\000i\000o\000n}{section.1.21}% 81
\BOOKMARK [1][-]{section.1.22}{\376\377\0001\000.\0002\0002\000\040\000M\000o\000d\000e\000l\000.\000I\000n\000i\000c\000i\000a\000l\000i\000z\000e\000r\000.\000I\000n\000i\000c\000i\000a\000l\000i\000z\000e\000r\000C\000o\000n\000t\000r\000o\000l\000l\000e\000r\000\040\000C\000l\000a\000s\000s\000\040\000R\000e\000f\000e\000r\000e\000n\000c\000e}{chapter.1}% 82
\BOOKMARK [2][-]{subsection.1.22.1}{\376\377\0001\000.\0002\0002\000.\0001\000\040\000D\000e\000t\000a\000i\000l\000e\000d\000\040\000D\000e\000s\000c\000r\000i\000p\000t\000i\000o\000n}{section.1.22}% 83
\BOOKMARK [1][-]{section.1.23}{\376\377\0001\000.\0002\0003\000\040\000M\000o\000d\000e\000l\000.\000I\000n\000i\000c\000i\000a\000l\000i\000z\000e\000r\000.\000R\000a\000n\000d\000o\000m\000C\000i\000t\000y\000I\000n\000i\000c\000i\000a\000l\000i\000z\000e\000r\000\040\000C\000l\000a\000s\000s\000\040\000R\000e\000f\000e\000r\000e\000n\000c\000e}{chapter.1}% 84
\BOOKMARK [2][-]{subsection.1.23.1}{\376\377\0001\000.\0002\0003\000.\0001\000\040\000D\000e\000t\000a\000i\000l\000e\000d\000\040\000D\000e\000s\000c\000r\000i\000p\000t\000i\000o\000n}{section.1.23}% 85
\BOOKMARK [1][-]{section.1.24}{\376\377\0001\000.\0002\0004\000\040\000M\000o\000d\000e\000l\000.\000I\000n\000i\000c\000i\000a\000l\000i\000z\000e\000r\000.\000R\000a\000n\000d\000o\000m\000P\000a\000r\000k\000I\000n\000i\000c\000i\000a\000l\000i\000z\000e\000r\000\040\000C\000l\000a\000s\000s\000\040\000R\000e\000f\000e\000r\000e\000n\000c\000e}{chapter.1}% 86
\BOOKMARK [2][-]{subsection.1.24.1}{\376\377\0001\000.\0002\0004\000.\0001\000\040\000D\000e\000t\000a\000i\000l\000e\000d\000\040\000D\000e\000s\000c\000r\000i\000p\000t\000i\000o\000n}{section.1.24}% 87
\BOOKMARK [1][-]{section.1.25}{\376\377\0001\000.\0002\0005\000\040\000M\000o\000d\000e\000l\000.\000M\000o\000d\000e\000l\000P\000a\000r\000a\000m\000e\000t\000e\000r\000s\000\040\000C\000l\000a\000s\000s\000\040\000R\000e\000f\000e\000r\000e\000n\000c\000e}{chapter.1}% 88
\BOOKMARK [2][-]{subsection.1.25.1}{\376\377\0001\000.\0002\0005\000.\0001\000\040\000D\000e\000t\000a\000i\000l\000e\000d\000\040\000D\000e\000s\000c\000r\000i\000p\000t\000i\000o\000n}{section.1.25}% 89
\BOOKMARK [1][-]{section.1.26}{\376\377\0001\000.\0002\0006\000\040\000M\000o\000d\000e\000l\000.\000o\000p\000e\000r\000a\000t\000o\000r\000s\000.\000c\000r\000o\000s\000s\000o\000v\000e\000r\000.\000C\000r\000o\000s\000s\000o\000v\000e\000r\000C\000o\000n\000t\000r\000o\000l\000l\000e\000r\000\040\000C\000l\000a\000s\000s\000\040\000R\000e\000f\000e\000r\000e\000n\000c\000e}{chapter.1}% 90
\BOOKMARK [2][-]{subsection.1.26.1}{\376\377\0001\000.\0002\0006\000.\0001\000\040\000D\000e\000t\000a\000i\000l\000e\000d\000\040\000D\000e\000s\000c\000r\000i\000p\000t\000i\000o\000n}{section.1.26}% 91
\BOOKMARK [1][-]{section.1.27}{\376\377\0001\000.\0002\0007\000\040\000M\000o\000d\000e\000l\000.\000o\000p\000e\000r\000a\000t\000o\000r\000s\000.\000c\000r\000o\000s\000s\000o\000v\000e\000r\000.\000C\000r\000o\000s\000s\000o\000v\000e\000r\000O\000p\000e\000r\000a\000t\000o\000r\000<\000\040\000T\000\040\000e\000x\000t\000e\000n\000d\000s\000\040\000I\000n\000d\000i\000v\000i\000d\000u\000a\000l\000\040\000>\000\040\000C\000l\000a\000s\000s\000\040\000T\000e\000m\000p\000l\000a\000t\000e\000\040\000R\000e\000f\000e\000r\000e\000n\000c\000e}{chapter.1}% 92
\BOOKMARK [1][-]{section.1.28}{\376\377\0001\000.\0002\0008\000\040\000M\000o\000d\000e\000l\000.\000o\000p\000e\000r\000a\000t\000o\000r\000s\000.\000c\000r\000o\000s\000s\000o\000v\000e\000r\000.\000G\000e\000o\000m\000e\000t\000r\000i\000c\000a\000l\000C\000r\000o\000s\000s\000o\000v\000e\000r\000\040\000C\000l\000a\000s\000s\000\040\000R\000e\000f\000e\000r\000e\000n\000c\000e}{chapter.1}% 93
\BOOKMARK [2][-]{subsection.1.28.1}{\376\377\0001\000.\0002\0008\000.\0001\000\040\000D\000e\000t\000a\000i\000l\000e\000d\000\040\000D\000e\000s\000c\000r\000i\000p\000t\000i\000o\000n}{section.1.28}% 94
\BOOKMARK [1][-]{section.1.29}{\376\377\0001\000.\0002\0009\000\040\000M\000o\000d\000e\000l\000.\000o\000p\000e\000r\000a\000t\000o\000r\000s\000.\000c\000r\000o\000s\000s\000o\000v\000e\000r\000.\000N\000e\000i\000g\000h\000b\000o\000r\000h\000o\000o\000d\000C\000r\000o\000s\000s\000o\000v\000e\000r\000\040\000C\000l\000a\000s\000s\000\040\000R\000e\000f\000e\000r\000e\000n\000c\000e}{chapter.1}% 95
\BOOKMARK [2][-]{subsection.1.29.1}{\376\377\0001\000.\0002\0009\000.\0001\000\040\000D\000e\000t\000a\000i\000l\000e\000d\000\040\000D\000e\000s\000c\000r\000i\000p\000t\000i\000o\000n}{section.1.29}% 96
\BOOKMARK [1][-]{section.1.30}{\376\377\0001\000.\0003\0000\000\040\000M\000o\000d\000e\000l\000.\000o\000p\000e\000r\000a\000t\000o\000r\000s\000.\000m\000u\000t\000a\000t\000i\000o\000n\000.\000M\000u\000t\000a\000t\000i\000o\000n\000C\000o\000n\000t\000r\000o\000l\000l\000e\000r\000\040\000C\000l\000a\000s\000s\000\040\000R\000e\000f\000e\000r\000e\000n\000c\000e}{chapter.1}% 97
\BOOKMARK [2][-]{subsection.1.30.1}{\376\377\0001\000.\0003\0000\000.\0001\000\040\000D\000e\000t\000a\000i\000l\000e\000d\000\040\000D\000e\000s\000c\000r\000i\000p\000t\000i\000o\000n}{section.1.30}% 98
\BOOKMARK [1][-]{section.1.31}{\376\377\0001\000.\0003\0001\000\040\000M\000o\000d\000e\000l\000.\000o\000p\000e\000r\000a\000t\000o\000r\000s\000.\000m\000u\000t\000a\000t\000i\000o\000n\000.\000N\000e\000i\000g\000h\000b\000o\000r\000h\000o\000o\000d\000M\000u\000t\000a\000t\000i\000o\000n\000\040\000C\000l\000a\000s\000s\000\040\000R\000e\000f\000e\000r\000e\000n\000c\000e}{chapter.1}% 99
\BOOKMARK [2][-]{subsection.1.31.1}{\376\377\0001\000.\0003\0001\000.\0001\000\040\000D\000e\000t\000a\000i\000l\000e\000d\000\040\000D\000e\000s\000c\000r\000i\000p\000t\000i\000o\000n}{section.1.31}% 100
\BOOKMARK [1][-]{section.1.32}{\376\377\0001\000.\0003\0002\000\040\000M\000o\000d\000e\000l\000.\000o\000p\000e\000r\000a\000t\000o\000r\000s\000.\000m\000u\000t\000a\000t\000i\000o\000n\000.\000P\000a\000r\000k\000E\000x\000p\000a\000n\000s\000i\000o\000n\000M\000u\000t\000a\000t\000i\000o\000n\000\040\000C\000l\000a\000s\000s\000\040\000R\000e\000f\000e\000r\000e\000n\000c\000e}{chapter.1}% 101
\BOOKMARK [2][-]{subsection.1.32.1}{\376\377\0001\000.\0003\0002\000.\0001\000\040\000D\000e\000t\000a\000i\000l\000e\000d\000\040\000D\000e\000s\000c\000r\000i\000p\000t\000i\000o\000n}{section.1.32}% 102
\BOOKMARK [1][-]{section.1.33}{\376\377\0001\000.\0003\0003\000\040\000M\000o\000d\000e\000l\000.\000o\000p\000e\000r\000a\000t\000o\000r\000s\000.\000m\000u\000t\000a\000t\000i\000o\000n\000.\000R\000a\000n\000d\000o\000m\000P\000a\000r\000k\000M\000u\000t\000a\000t\000i\000o\000n\000\040\000C\000l\000a\000s\000s\000\040\000R\000e\000f\000e\000r\000e\000n\000c\000e}{chapter.1}% 103
\BOOKMARK [2][-]{subsection.1.33.1}{\376\377\0001\000.\0003\0003\000.\0001\000\040\000D\000e\000t\000a\000i\000l\000e\000d\000\040\000D\000e\000s\000c\000r\000i\000p\000t\000i\000o\000n}{section.1.33}% 104
\BOOKMARK [1][-]{section.1.34}{\376\377\0001\000.\0003\0004\000\040\000M\000o\000d\000e\000l\000.\000o\000p\000e\000r\000a\000t\000o\000r\000s\000.\000s\000e\000l\000e\000c\000t\000i\000o\000n\000.\000K\000W\000a\000y\000T\000o\000u\000r\000n\000a\000m\000e\000n\000t\000S\000e\000l\000e\000c\000t\000i\000o\000n\000\040\000C\000l\000a\000s\000s\000\040\000R\000e\000f\000e\000r\000e\000n\000c\000e}{chapter.1}% 105
\BOOKMARK [2][-]{subsection.1.34.1}{\376\377\0001\000.\0003\0004\000.\0001\000\040\000D\000e\000t\000a\000i\000l\000e\000d\000\040\000D\000e\000s\000c\000r\000i\000p\000t\000i\000o\000n}{section.1.34}% 106
\BOOKMARK [1][-]{section.1.35}{\376\377\0001\000.\0003\0005\000\040\000M\000o\000d\000e\000l\000.\000o\000p\000e\000r\000a\000t\000o\000r\000s\000.\000s\000e\000l\000e\000c\000t\000i\000o\000n\000.\000R\000a\000n\000k\000S\000e\000l\000e\000c\000t\000i\000o\000n\000\040\000C\000l\000a\000s\000s\000\040\000R\000e\000f\000e\000r\000e\000n\000c\000e}{chapter.1}% 107
\BOOKMARK [2][-]{subsection.1.35.1}{\376\377\0001\000.\0003\0005\000.\0001\000\040\000D\000e\000t\000a\000i\000l\000e\000d\000\040\000D\000e\000s\000c\000r\000i\000p\000t\000i\000o\000n}{section.1.35}% 108
\BOOKMARK [1][-]{section.1.36}{\376\377\0001\000.\0003\0006\000\040\000M\000o\000d\000e\000l\000.\000o\000p\000e\000r\000a\000t\000o\000r\000s\000.\000s\000e\000l\000e\000c\000t\000i\000o\000n\000.\000S\000e\000l\000e\000c\000t\000i\000o\000n\000C\000o\000n\000t\000r\000o\000l\000l\000e\000r\000\040\000C\000l\000a\000s\000s\000\040\000R\000e\000f\000e\000r\000e\000n\000c\000e}{chapter.1}% 109
\BOOKMARK [2][-]{subsection.1.36.1}{\376\377\0001\000.\0003\0006\000.\0001\000\040\000D\000e\000t\000a\000i\000l\000e\000d\000\040\000D\000e\000s\000c\000r\000i\000p\000t\000i\000o\000n}{section.1.36}% 110
\BOOKMARK [1][-]{section.1.37}{\376\377\0001\000.\0003\0007\000\040\000M\000o\000d\000e\000l\000.\000P\000a\000r\000k\000s\000I\000n\000C\000i\000t\000y\000G\000A\000\040\000C\000l\000a\000s\000s\000\040\000R\000e\000f\000e\000r\000e\000n\000c\000e}{chapter.1}% 111
\BOOKMARK [2][-]{subsection.1.37.1}{\376\377\0001\000.\0003\0007\000.\0001\000\040\000D\000e\000t\000a\000i\000l\000e\000d\000\040\000D\000e\000s\000c\000r\000i\000p\000t\000i\000o\000n}{section.1.37}% 112
\BOOKMARK [1][-]{section.1.38}{\376\377\0001\000.\0003\0008\000\040\000p\000a\000r\000k\000s\000i\000n\000c\000i\000t\000y\000\137\000g\000e\000n\000e\000t\000i\000c\000a\000l\000g\000o\000r\000i\000t\000h\000m\000s\000.\000P\000a\000r\000k\000s\000I\000n\000C\000i\000t\000y\000\137\000G\000e\000n\000e\000t\000i\000c\000A\000l\000g\000o\000r\000i\000t\000h\000m\000s\000\040\000C\000l\000a\000s\000s\000\040\000R\000e\000f\000e\000r\000e\000n\000c\000e}{chapter.1}% 113
\BOOKMARK [2][-]{subsection.1.38.1}{\376\377\0001\000.\0003\0008\000.\0001\000\040\000D\000e\000t\000a\000i\000l\000e\000d\000\040\000D\000e\000s\000c\000r\000i\000p\000t\000i\000o\000n}{section.1.38}% 114
\BOOKMARK [2][-]{subsection.1.38.2}{\376\377\0001\000.\0003\0008\000.\0002\000\040\000M\000e\000m\000b\000e\000r\000\040\000F\000u\000n\000c\000t\000i\000o\000n\000\040\000D\000o\000c\000u\000m\000e\000n\000t\000a\000t\000i\000o\000n}{section.1.38}% 115
\BOOKMARK [3][-]{subsubsection.1.38.2.1}{\376\377\0001\000.\0003\0008\000.\0002\000.\0001\000\040\000m\000a\000i\000n\000\050\000\051}{subsection.1.38.2}% 116
\BOOKMARK [1][-]{section.1.39}{\376\377\0001\000.\0003\0009\000\040\000V\000i\000e\000w\000s\000.\000G\000U\000I\000.\000C\000i\000t\000y\000P\000a\000r\000a\000m\000e\000t\000e\000r\000s\000V\000i\000e\000w\000\040\000C\000l\000a\000s\000s\000\040\000R\000e\000f\000e\000r\000e\000n\000c\000e}{chapter.1}% 117
\BOOKMARK [2][-]{subsection.1.39.1}{\376\377\0001\000.\0003\0009\000.\0001\000\040\000D\000e\000t\000a\000i\000l\000e\000d\000\040\000D\000e\000s\000c\000r\000i\000p\000t\000i\000o\000n}{section.1.39}% 118
\BOOKMARK [2][-]{subsection.1.39.2}{\376\377\0001\000.\0003\0009\000.\0002\000\040\000C\000o\000n\000s\000t\000r\000u\000c\000t\000o\000r\000\040\000\046\000\040\000D\000e\000s\000t\000r\000u\000c\000t\000o\000r\000\040\000D\000o\000c\000u\000m\000e\000n\000t\000a\000t\000i\000o\000n}{section.1.39}% 119
\BOOKMARK [3][-]{subsubsection.1.39.2.1}{\376\377\0001\000.\0003\0009\000.\0002\000.\0001\000\040\000C\000i\000t\000y\000P\000a\000r\000a\000m\000e\000t\000e\000r\000s\000V\000i\000e\000w\000\050\000\051}{subsection.1.39.2}% 120
\BOOKMARK [1][-]{section.1.40}{\376\377\0001\000.\0004\0000\000\040\000V\000i\000e\000w\000s\000.\000G\000U\000I\000.\000C\000i\000t\000y\000V\000i\000e\000w\000\040\000C\000l\000a\000s\000s\000\040\000R\000e\000f\000e\000r\000e\000n\000c\000e}{chapter.1}% 121
\BOOKMARK [2][-]{subsection.1.40.1}{\376\377\0001\000.\0004\0000\000.\0001\000\040\000D\000e\000t\000a\000i\000l\000e\000d\000\040\000D\000e\000s\000c\000r\000i\000p\000t\000i\000o\000n}{section.1.40}% 122
\BOOKMARK [1][-]{section.1.41}{\376\377\0001\000.\0004\0001\000\040\000V\000i\000e\000w\000s\000.\000G\000U\000I\000.\000M\000a\000i\000n\000W\000i\000n\000d\000o\000w\000\040\000C\000l\000a\000s\000s\000\040\000R\000e\000f\000e\000r\000e\000n\000c\000e}{chapter.1}% 123
\BOOKMARK [2][-]{subsection.1.41.1}{\376\377\0001\000.\0004\0001\000.\0001\000\040\000D\000e\000t\000a\000i\000l\000e\000d\000\040\000D\000e\000s\000c\000r\000i\000p\000t\000i\000o\000n}{section.1.41}% 124
\BOOKMARK [2][-]{subsection.1.41.2}{\376\377\0001\000.\0004\0001\000.\0002\000\040\000M\000e\000m\000b\000e\000r\000\040\000F\000u\000n\000c\000t\000i\000o\000n\000\040\000D\000o\000c\000u\000m\000e\000n\000t\000a\000t\000i\000o\000n}{section.1.41}% 125
\BOOKMARK [3][-]{subsubsection.1.41.2.1}{\376\377\0001\000.\0004\0001\000.\0002\000.\0001\000\040\000u\000p\000d\000a\000t\000e\000V\000i\000e\000w\000\050\000\051}{subsection.1.41.2}% 126
\BOOKMARK [3][-]{subsubsection.1.41.2.2}{\376\377\0001\000.\0004\0001\000.\0002\000.\0002\000\040\000s\000h\000o\000w\000V\000i\000e\000w\000\050\000\051}{subsection.1.41.2}% 127
\BOOKMARK [3][-]{subsubsection.1.41.2.3}{\376\377\0001\000.\0004\0001\000.\0002\000.\0003\000\040\000g\000e\000t\000A\000p\000p\000N\000a\000m\000e\000\050\000\051}{subsection.1.41.2}% 128
\BOOKMARK [1][-]{section.1.42}{\376\377\0001\000.\0004\0002\000\040\000V\000i\000e\000w\000s\000.\000G\000U\000I\000.\000M\000o\000d\000e\000l\000P\000a\000r\000a\000m\000e\000t\000e\000r\000s\000V\000I\000e\000w\000\040\000C\000l\000a\000s\000s\000\040\000R\000e\000f\000e\000r\000e\000n\000c\000e}{chapter.1}% 129
\BOOKMARK [2][-]{subsection.1.42.1}{\376\377\0001\000.\0004\0002\000.\0001\000\040\000D\000e\000t\000a\000i\000l\000e\000d\000\040\000D\000e\000s\000c\000r\000i\000p\000t\000i\000o\000n}{section.1.42}% 130
\BOOKMARK [2][-]{subsection.1.42.2}{\376\377\0001\000.\0004\0002\000.\0002\000\040\000C\000o\000n\000s\000t\000r\000u\000c\000t\000o\000r\000\040\000\046\000\040\000D\000e\000s\000t\000r\000u\000c\000t\000o\000r\000\040\000D\000o\000c\000u\000m\000e\000n\000t\000a\000t\000i\000o\000n}{section.1.42}% 131
\BOOKMARK [3][-]{subsubsection.1.42.2.1}{\376\377\0001\000.\0004\0002\000.\0002\000.\0001\000\040\000M\000o\000d\000e\000l\000P\000a\000r\000a\000m\000e\000t\000e\000r\000s\000V\000I\000e\000w\000\050\000\051}{subsection.1.42.2}% 132
\BOOKMARK [1][-]{section.1.43}{\376\377\0001\000.\0004\0003\000\040\000V\000i\000e\000w\000s\000.\000G\000U\000I\000.\000S\000l\000i\000d\000e\000B\000a\000r\000\040\000C\000l\000a\000s\000s\000\040\000R\000e\000f\000e\000r\000e\000n\000c\000e}{chapter.1}% 133
\BOOKMARK [2][-]{subsection.1.43.1}{\376\377\0001\000.\0004\0003\000.\0001\000\040\000D\000e\000t\000a\000i\000l\000e\000d\000\040\000D\000e\000s\000c\000r\000i\000p\000t\000i\000o\000n}{section.1.43}% 134
\BOOKMARK [2][-]{subsection.1.43.2}{\376\377\0001\000.\0004\0003\000.\0002\000\040\000C\000o\000n\000s\000t\000r\000u\000c\000t\000o\000r\000\040\000\046\000\040\000D\000e\000s\000t\000r\000u\000c\000t\000o\000r\000\040\000D\000o\000c\000u\000m\000e\000n\000t\000a\000t\000i\000o\000n}{section.1.43}% 135
\BOOKMARK [3][-]{subsubsection.1.43.2.1}{\376\377\0001\000.\0004\0003\000.\0002\000.\0001\000\040\000S\000l\000i\000d\000e\000B\000a\000r\000\050\000\051}{subsection.1.43.2}% 136
\BOOKMARK [1][-]{section.1.44}{\376\377\0001\000.\0004\0004\000\040\000V\000i\000e\000w\000s\000.\000G\000U\000I\000.\000S\000t\000a\000r\000t\000V\000i\000e\000w\000\040\000C\000l\000a\000s\000s\000\040\000R\000e\000f\000e\000r\000e\000n\000c\000e}{chapter.1}% 137
\BOOKMARK [2][-]{subsection.1.44.1}{\376\377\0001\000.\0004\0004\000.\0001\000\040\000D\000e\000t\000a\000i\000l\000e\000d\000\040\000D\000e\000s\000c\000r\000i\000p\000t\000i\000o\000n}{section.1.44}% 138
\BOOKMARK [2][-]{subsection.1.44.2}{\376\377\0001\000.\0004\0004\000.\0002\000\040\000C\000o\000n\000s\000t\000r\000u\000c\000t\000o\000r\000\040\000\046\000\040\000D\000e\000s\000t\000r\000u\000c\000t\000o\000r\000\040\000D\000o\000c\000u\000m\000e\000n\000t\000a\000t\000i\000o\000n}{section.1.44}% 139
\BOOKMARK [3][-]{subsubsection.1.44.2.1}{\376\377\0001\000.\0004\0004\000.\0002\000.\0001\000\040\000S\000t\000a\000r\000t\000V\000i\000e\000w\000\050\000\051}{subsection.1.44.2}% 140
\BOOKMARK [2][-]{subsection.1.44.3}{\376\377\0001\000.\0004\0004\000.\0003\000\040\000M\000e\000m\000b\000e\000r\000\040\000F\000u\000n\000c\000t\000i\000o\000n\000\040\000D\000o\000c\000u\000m\000e\000n\000t\000a\000t\000i\000o\000n}{section.1.44}% 141
\BOOKMARK [3][-]{subsubsection.1.44.3.1}{\376\377\0001\000.\0004\0004\000.\0003\000.\0001\000\040\000u\000p\000d\000a\000t\000e\000V\000i\000e\000w\000\050\000\051}{subsection.1.44.3}% 142
\BOOKMARK [3][-]{subsubsection.1.44.3.2}{\376\377\0001\000.\0004\0004\000.\0003\000.\0002\000\040\000s\000h\000o\000w\000V\000i\000e\000w\000\050\000\051}{subsection.1.44.3}% 143
\BOOKMARK [3][-]{subsubsection.1.44.3.3}{\376\377\0001\000.\0004\0004\000.\0003\000.\0003\000\040\000g\000e\000t\000A\000p\000p\000N\000a\000m\000e\000\050\000\051}{subsection.1.44.3}% 144
\BOOKMARK [1][-]{section.1.45}{\376\377\0001\000.\0004\0005\000\040\000V\000i\000e\000w\000s\000.\000V\000i\000e\000w\000\040\000I\000n\000t\000e\000r\000f\000a\000c\000e\000\040\000R\000e\000f\000e\000r\000e\000n\000c\000e}{chapter.1}% 145
\BOOKMARK [2][-]{subsection.1.45.1}{\376\377\0001\000.\0004\0005\000.\0001\000\040\000D\000e\000t\000a\000i\000l\000e\000d\000\040\000D\000e\000s\000c\000r\000i\000p\000t\000i\000o\000n}{section.1.45}% 146
\BOOKMARK [0][-]{chapter.2}{\376\377\0002\000\040\000F\000i\000l\000e\000\040\000D\000o\000c\000u\000m\000e\000n\000t\000a\000t\000i\000o\000n}{}% 147
\BOOKMARK [1][-]{section.2.1}{\376\377\0002\000.\0001\000\040\000s\000r\000c\000/\000B\000a\000s\000i\000c\000s\000/\000P\000o\000s\000i\000t\000i\000o\000n\000.\000j\000a\000v\000a\000\040\000F\000i\000l\000e\000\040\000R\000e\000f\000e\000r\000e\000n\000c\000e}{chapter.2}% 148
\BOOKMARK [0][-]{section*.101}{\376\377\000I\000n\000d\000e\000x}{}% 149
